["INFO" - 10:42:34 pm] Extension Name: esbenp.prettier-vscode.
["INFO" - 10:42:34 pm] Extension Version: 8.0.1.
["INFO" - 10:45:20 pm] Formatting /home/piyush/webDevProjects/Invoicee/src/components/Invoicepdf/Invoicepdf.js
["INFO" - 10:45:20 pm] Using ignore file (if present) at /home/piyush/webDevProjects/Invoicee/.prettierignore
["INFO" - 10:45:20 pm] File Info:
{
  "ignored": false,
  "inferredParser": "babel"
}
["INFO" - 10:45:20 pm] No local configuration (i.e. .prettierrc or .editorconfig) detected, falling back to VS Code configuration
["INFO" - 10:45:20 pm] Prettier Options:
{
  "arrowParens": "always",
  "bracketSpacing": true,
  "endOfLine": "lf",
  "htmlWhitespaceSensitivity": "css",
  "insertPragma": false,
  "jsxBracketSameLine": false,
  "jsxSingleQuote": false,
  "printWidth": 80,
  "proseWrap": "preserve",
  "quoteProps": "as-needed",
  "requirePragma": false,
  "semi": true,
  "singleQuote": false,
  "tabWidth": 2,
  "trailingComma": "es5",
  "useTabs": false,
  "vueIndentScriptAndStyle": false,
  "filepath": "/home/piyush/webDevProjects/Invoicee/src/components/Invoicepdf/Invoicepdf.js",
  "parser": "babel"
}
["INFO" - 10:45:20 pm] Formatting completed in 223.829104ms.
