Looking for git in: git
Using git 2.25.1 from git
> git rev-parse --git-dir
Open repository: /home/piyush/webDevProjects/Invoicee
> git status -z -u
> git symbolic-ref --short HEAD
> git for-each-ref --format=%(refname)%00%(upstream:short)%00%(objectname)%00%(upstream:track) refs/heads/main refs/remotes/main
> git for-each-ref --sort -committerdate --format %(refname) %(objectname) %(*objectname)
> git remote --verbose
> git config --get commit.template
> git show --textconv :src/components/Invoicepdf/Invoicepdf.js
> git ls-files --stage -- /home/piyush/webDevProjects/Invoicee/src/components/Invoicepdf/Invoicepdf.js
> git cat-file -s d167546677374b9264a57852ecb2cfb8bbb840e6
> git check-ignore -v -z --stdin
> git status -z -u
> git symbolic-ref --short HEAD
> git for-each-ref --format=%(refname)%00%(upstream:short)%00%(objectname)%00%(upstream:track) refs/heads/main refs/remotes/main
> git for-each-ref --sort -committerdate --format %(refname) %(objectname) %(*objectname)
> git remote --verbose
> git config --get commit.template
> git log --format=%H%n%aN%n%aE%n%at%n%ct%n%P%n%B -z -n21 -- /home/piyush/webDevProjects/Invoicee/src/components/Invoicepdf/Invoicepdf.js
> git status -z -u
> git symbolic-ref --short HEAD
> git for-each-ref --format=%(refname)%00%(upstream:short)%00%(objectname)%00%(upstream:track) refs/heads/main refs/remotes/main
> git for-each-ref --sort -committerdate --format %(refname) %(objectname) %(*objectname)
> git remote --verbose
> git config --get commit.template
> git show --textconv :src/components/Invoicepdf/Invoicepdf.js
> git ls-files --stage -- /home/piyush/webDevProjects/Invoicee/src/components/Invoicepdf/Invoicepdf.js
> git cat-file -s d167546677374b9264a57852ecb2cfb8bbb840e6
