["INFO" - 10:45:59 pm] Extension Name: esbenp.prettier-vscode.
["INFO" - 10:45:59 pm] Extension Version: 8.0.1.
["INFO" - 10:47:01 pm] Formatting /home/piyush/webDevProjects/Invoicee/src/components/Invoicepdf/Invoicepdf.js
["INFO" - 10:47:01 pm] Using ignore file (if present) at /home/piyush/webDevProjects/Invoicee/.prettierignore
["INFO" - 10:47:01 pm] File Info:
{
  "ignored": false,
  "inferredParser": "babel"
}
["INFO" - 10:47:01 pm] No local configuration (i.e. .prettierrc or .editorconfig) detected, falling back to VS Code configuration
["INFO" - 10:47:01 pm] Prettier Options:
{
  "arrowParens": "always",
  "bracketSpacing": true,
  "endOfLine": "lf",
  "htmlWhitespaceSensitivity": "css",
  "insertPragma": false,
  "jsxBracketSameLine": false,
  "jsxSingleQuote": false,
  "printWidth": 80,
  "proseWrap": "preserve",
  "quoteProps": "as-needed",
  "requirePragma": false,
  "semi": true,
  "singleQuote": false,
  "tabWidth": 2,
  "trailingComma": "es5",
  "useTabs": false,
  "vueIndentScriptAndStyle": false,
  "filepath": "/home/piyush/webDevProjects/Invoicee/src/components/Invoicepdf/Invoicepdf.js",
  "parser": "babel"
}
["INFO" - 10:47:01 pm] Formatting completed in 69.56312ms.
["INFO" - 10:48:20 pm] Formatting /home/piyush/webDevProjects/Invoicee/src/components/Invoicepdf/Invoicepdf.js
["INFO" - 10:48:20 pm] Using ignore file (if present) at /home/piyush/webDevProjects/Invoicee/.prettierignore
["INFO" - 10:48:20 pm] File Info:
{
  "ignored": false,
  "inferredParser": "babel"
}
["INFO" - 10:48:20 pm] No local configuration (i.e. .prettierrc or .editorconfig) detected, falling back to VS Code configuration
["INFO" - 10:48:20 pm] Prettier Options:
{
  "arrowParens": "always",
  "bracketSpacing": true,
  "endOfLine": "lf",
  "htmlWhitespaceSensitivity": "css",
  "insertPragma": false,
  "jsxBracketSameLine": false,
  "jsxSingleQuote": false,
  "printWidth": 80,
  "proseWrap": "preserve",
  "quoteProps": "as-needed",
  "requirePragma": false,
  "semi": true,
  "singleQuote": false,
  "tabWidth": 2,
  "trailingComma": "es5",
  "useTabs": false,
  "vueIndentScriptAndStyle": false,
  "filepath": "/home/piyush/webDevProjects/Invoicee/src/components/Invoicepdf/Invoicepdf.js",
  "parser": "babel"
}
["INFO" - 10:48:20 pm] Formatting completed in 53.36573ms.
["INFO" - 10:51:03 pm] Formatting /home/piyush/webDevProjects/Invoicee/src/components/Invoicepdf/Invoicepdf.js
["INFO" - 10:51:03 pm] Using ignore file (if present) at /home/piyush/webDevProjects/Invoicee/.prettierignore
["INFO" - 10:51:03 pm] File Info:
{
  "ignored": false,
  "inferredParser": "babel"
}
["INFO" - 10:51:03 pm] No local configuration (i.e. .prettierrc or .editorconfig) detected, falling back to VS Code configuration
["INFO" - 10:51:03 pm] Prettier Options:
{
  "arrowParens": "always",
  "bracketSpacing": true,
  "endOfLine": "lf",
  "htmlWhitespaceSensitivity": "css",
  "insertPragma": false,
  "jsxBracketSameLine": false,
  "jsxSingleQuote": false,
  "printWidth": 80,
  "proseWrap": "preserve",
  "quoteProps": "as-needed",
  "requirePragma": false,
  "semi": true,
  "singleQuote": false,
  "tabWidth": 2,
  "trailingComma": "es5",
  "useTabs": false,
  "vueIndentScriptAndStyle": false,
  "filepath": "/home/piyush/webDevProjects/Invoicee/src/components/Invoicepdf/Invoicepdf.js",
  "parser": "babel"
}
["INFO" - 10:51:03 pm] Formatting completed in 50.616252ms.
["INFO" - 11:14:30 pm] Formatting /home/piyush/webDevProjects/Invoicee/src/components/Invoicepdf/Invoicepdf.js
["INFO" - 11:14:30 pm] Using ignore file (if present) at /home/piyush/webDevProjects/Invoicee/.prettierignore
["INFO" - 11:14:30 pm] File Info:
{
  "ignored": false,
  "inferredParser": "babel"
}
["INFO" - 11:14:30 pm] No local configuration (i.e. .prettierrc or .editorconfig) detected, falling back to VS Code configuration
["INFO" - 11:14:30 pm] Prettier Options:
{
  "arrowParens": "always",
  "bracketSpacing": true,
  "endOfLine": "lf",
  "htmlWhitespaceSensitivity": "css",
  "insertPragma": false,
  "jsxBracketSameLine": false,
  "jsxSingleQuote": false,
  "printWidth": 80,
  "proseWrap": "preserve",
  "quoteProps": "as-needed",
  "requirePragma": false,
  "semi": true,
  "singleQuote": false,
  "tabWidth": 2,
  "trailingComma": "es5",
  "useTabs": false,
  "vueIndentScriptAndStyle": false,
  "filepath": "/home/piyush/webDevProjects/Invoicee/src/components/Invoicepdf/Invoicepdf.js",
  "parser": "babel",
  "rangeEnd": 1047,
  "rangeStart": 1032
}
["INFO" - 11:14:30 pm] Formatting completed in 97.592373ms.
["INFO" - 11:14:32 pm] Formatting /home/piyush/webDevProjects/Invoicee/src/components/Invoicepdf/Invoicepdf.js
["INFO" - 11:14:32 pm] Using ignore file (if present) at /home/piyush/webDevProjects/Invoicee/.prettierignore
["INFO" - 11:14:32 pm] File Info:
{
  "ignored": false,
  "inferredParser": "babel"
}
["INFO" - 11:14:32 pm] No local configuration (i.e. .prettierrc or .editorconfig) detected, falling back to VS Code configuration
["INFO" - 11:14:32 pm] Prettier Options:
{
  "arrowParens": "always",
  "bracketSpacing": true,
  "endOfLine": "lf",
  "htmlWhitespaceSensitivity": "css",
  "insertPragma": false,
  "jsxBracketSameLine": false,
  "jsxSingleQuote": false,
  "printWidth": 80,
  "proseWrap": "preserve",
  "quoteProps": "as-needed",
  "requirePragma": false,
  "semi": true,
  "singleQuote": false,
  "tabWidth": 2,
  "trailingComma": "es5",
  "useTabs": false,
  "vueIndentScriptAndStyle": false,
  "filepath": "/home/piyush/webDevProjects/Invoicee/src/components/Invoicepdf/Invoicepdf.js",
  "parser": "babel",
  "rangeEnd": 1103,
  "rangeStart": 1088
}
["INFO" - 11:14:32 pm] Formatting completed in 30.344567ms.
["INFO" - 11:14:34 pm] Formatting /home/piyush/webDevProjects/Invoicee/src/components/Invoicepdf/Invoicepdf.js
["INFO" - 11:14:34 pm] Using ignore file (if present) at /home/piyush/webDevProjects/Invoicee/.prettierignore
["INFO" - 11:14:34 pm] File Info:
{
  "ignored": false,
  "inferredParser": "babel"
}
["INFO" - 11:14:34 pm] No local configuration (i.e. .prettierrc or .editorconfig) detected, falling back to VS Code configuration
["INFO" - 11:14:34 pm] Prettier Options:
{
  "arrowParens": "always",
  "bracketSpacing": true,
  "endOfLine": "lf",
  "htmlWhitespaceSensitivity": "css",
  "insertPragma": false,
  "jsxBracketSameLine": false,
  "jsxSingleQuote": false,
  "printWidth": 80,
  "proseWrap": "preserve",
  "quoteProps": "as-needed",
  "requirePragma": false,
  "semi": true,
  "singleQuote": false,
  "tabWidth": 2,
  "trailingComma": "es5",
  "useTabs": false,
  "vueIndentScriptAndStyle": false,
  "filepath": "/home/piyush/webDevProjects/Invoicee/src/components/Invoicepdf/Invoicepdf.js",
  "parser": "babel",
  "rangeEnd": 1140,
  "rangeStart": 1125
}
["INFO" - 11:14:34 pm] Formatting completed in 33.307062ms.
["INFO" - 11:14:35 pm] Formatting /home/piyush/webDevProjects/Invoicee/src/components/Invoicepdf/Invoicepdf.js
["INFO" - 11:14:35 pm] Using ignore file (if present) at /home/piyush/webDevProjects/Invoicee/.prettierignore
["INFO" - 11:14:35 pm] File Info:
{
  "ignored": false,
  "inferredParser": "babel"
}
["INFO" - 11:14:35 pm] No local configuration (i.e. .prettierrc or .editorconfig) detected, falling back to VS Code configuration
["INFO" - 11:14:35 pm] Prettier Options:
{
  "arrowParens": "always",
  "bracketSpacing": true,
  "endOfLine": "lf",
  "htmlWhitespaceSensitivity": "css",
  "insertPragma": false,
  "jsxBracketSameLine": false,
  "jsxSingleQuote": false,
  "printWidth": 80,
  "proseWrap": "preserve",
  "quoteProps": "as-needed",
  "requirePragma": false,
  "semi": true,
  "singleQuote": false,
  "tabWidth": 2,
  "trailingComma": "es5",
  "useTabs": false,
  "vueIndentScriptAndStyle": false,
  "filepath": "/home/piyush/webDevProjects/Invoicee/src/components/Invoicepdf/Invoicepdf.js",
  "parser": "babel",
  "rangeEnd": 1235,
  "rangeStart": 1220
}
["INFO" - 11:14:35 pm] Formatting completed in 30.418162ms.
["INFO" - 11:15:19 pm] Formatting /home/piyush/webDevProjects/Invoicee/src/components/Invoicepdf/Invoicepdf.js
["INFO" - 11:15:19 pm] Using ignore file (if present) at /home/piyush/webDevProjects/Invoicee/.prettierignore
["INFO" - 11:15:19 pm] File Info:
{
  "ignored": false,
  "inferredParser": "babel"
}
["INFO" - 11:15:19 pm] No local configuration (i.e. .prettierrc or .editorconfig) detected, falling back to VS Code configuration
["INFO" - 11:15:19 pm] Prettier Options:
{
  "arrowParens": "always",
  "bracketSpacing": true,
  "endOfLine": "lf",
  "htmlWhitespaceSensitivity": "css",
  "insertPragma": false,
  "jsxBracketSameLine": false,
  "jsxSingleQuote": false,
  "printWidth": 80,
  "proseWrap": "preserve",
  "quoteProps": "as-needed",
  "requirePragma": false,
  "semi": true,
  "singleQuote": false,
  "tabWidth": 2,
  "trailingComma": "es5",
  "useTabs": false,
  "vueIndentScriptAndStyle": false,
  "filepath": "/home/piyush/webDevProjects/Invoicee/src/components/Invoicepdf/Invoicepdf.js",
  "parser": "babel"
}
["INFO" - 11:15:19 pm] Formatting completed in 102.854621ms.
["INFO" - 11:15:27 pm] Formatting /home/piyush/webDevProjects/Invoicee/src/components/Invoicepdf/Invoicepdf.js
["INFO" - 11:15:27 pm] Using ignore file (if present) at /home/piyush/webDevProjects/Invoicee/.prettierignore
["INFO" - 11:15:27 pm] File Info:
{
  "ignored": false,
  "inferredParser": "babel"
}
["INFO" - 11:15:27 pm] No local configuration (i.e. .prettierrc or .editorconfig) detected, falling back to VS Code configuration
["INFO" - 11:15:27 pm] Prettier Options:
{
  "arrowParens": "always",
  "bracketSpacing": true,
  "endOfLine": "lf",
  "htmlWhitespaceSensitivity": "css",
  "insertPragma": false,
  "jsxBracketSameLine": false,
  "jsxSingleQuote": false,
  "printWidth": 80,
  "proseWrap": "preserve",
  "quoteProps": "as-needed",
  "requirePragma": false,
  "semi": true,
  "singleQuote": false,
  "tabWidth": 2,
  "trailingComma": "es5",
  "useTabs": false,
  "vueIndentScriptAndStyle": false,
  "filepath": "/home/piyush/webDevProjects/Invoicee/src/components/Invoicepdf/Invoicepdf.js",
  "parser": "babel"
}
["INFO" - 11:15:27 pm] Formatting completed in 66.923035ms.
["INFO" - 11:17:28 pm] Formatting /home/piyush/webDevProjects/Invoicee/src/components/Invoicepdf/Invoicepdf.js
["INFO" - 11:17:28 pm] Using ignore file (if present) at /home/piyush/webDevProjects/Invoicee/.prettierignore
["INFO" - 11:17:28 pm] File Info:
{
  "ignored": false,
  "inferredParser": "babel"
}
["INFO" - 11:17:28 pm] No local configuration (i.e. .prettierrc or .editorconfig) detected, falling back to VS Code configuration
["INFO" - 11:17:28 pm] Prettier Options:
{
  "arrowParens": "always",
  "bracketSpacing": true,
  "endOfLine": "lf",
  "htmlWhitespaceSensitivity": "css",
  "insertPragma": false,
  "jsxBracketSameLine": false,
  "jsxSingleQuote": false,
  "printWidth": 80,
  "proseWrap": "preserve",
  "quoteProps": "as-needed",
  "requirePragma": false,
  "semi": true,
  "singleQuote": false,
  "tabWidth": 2,
  "trailingComma": "es5",
  "useTabs": false,
  "vueIndentScriptAndStyle": false,
  "filepath": "/home/piyush/webDevProjects/Invoicee/src/components/Invoicepdf/Invoicepdf.js",
  "parser": "babel"
}
["INFO" - 11:17:28 pm] Formatting completed in 43.476707ms.
["INFO" - 11:19:32 pm] Formatting /home/piyush/webDevProjects/Invoicee/src/components/Invoicepdf/Invoicepdf.js
["INFO" - 11:19:32 pm] Using ignore file (if present) at /home/piyush/webDevProjects/Invoicee/.prettierignore
["INFO" - 11:19:32 pm] File Info:
{
  "ignored": false,
  "inferredParser": "babel"
}
["INFO" - 11:19:32 pm] No local configuration (i.e. .prettierrc or .editorconfig) detected, falling back to VS Code configuration
["INFO" - 11:19:32 pm] Prettier Options:
{
  "arrowParens": "always",
  "bracketSpacing": true,
  "endOfLine": "lf",
  "htmlWhitespaceSensitivity": "css",
  "insertPragma": false,
  "jsxBracketSameLine": false,
  "jsxSingleQuote": false,
  "printWidth": 80,
  "proseWrap": "preserve",
  "quoteProps": "as-needed",
  "requirePragma": false,
  "semi": true,
  "singleQuote": false,
  "tabWidth": 2,
  "trailingComma": "es5",
  "useTabs": false,
  "vueIndentScriptAndStyle": false,
  "filepath": "/home/piyush/webDevProjects/Invoicee/src/components/Invoicepdf/Invoicepdf.js",
  "parser": "babel"
}
["INFO" - 11:19:32 pm] Formatting completed in 37.255688ms.
["INFO" - 11:19:40 pm] Formatting /home/piyush/webDevProjects/Invoicee/src/components/Invoicepdf/Invoicepdf.js
["INFO" - 11:19:40 pm] Using ignore file (if present) at /home/piyush/webDevProjects/Invoicee/.prettierignore
["INFO" - 11:19:40 pm] File Info:
{
  "ignored": false,
  "inferredParser": "babel"
}
["INFO" - 11:19:40 pm] No local configuration (i.e. .prettierrc or .editorconfig) detected, falling back to VS Code configuration
["INFO" - 11:19:40 pm] Prettier Options:
{
  "arrowParens": "always",
  "bracketSpacing": true,
  "endOfLine": "lf",
  "htmlWhitespaceSensitivity": "css",
  "insertPragma": false,
  "jsxBracketSameLine": false,
  "jsxSingleQuote": false,
  "printWidth": 80,
  "proseWrap": "preserve",
  "quoteProps": "as-needed",
  "requirePragma": false,
  "semi": true,
  "singleQuote": false,
  "tabWidth": 2,
  "trailingComma": "es5",
  "useTabs": false,
  "vueIndentScriptAndStyle": false,
  "filepath": "/home/piyush/webDevProjects/Invoicee/src/components/Invoicepdf/Invoicepdf.js",
  "parser": "babel"
}
["INFO" - 11:19:40 pm] Formatting completed in 66.690209ms.
["INFO" - 11:25:18 pm] Formatting /home/piyush/webDevProjects/Invoicee/src/components/Invoicepdf/Invoicepdf.js
["INFO" - 11:25:18 pm] Using ignore file (if present) at /home/piyush/webDevProjects/Invoicee/.prettierignore
["INFO" - 11:25:18 pm] File Info:
{
  "ignored": false,
  "inferredParser": "babel"
}
["INFO" - 11:25:18 pm] No local configuration (i.e. .prettierrc or .editorconfig) detected, falling back to VS Code configuration
["INFO" - 11:25:18 pm] Prettier Options:
{
  "arrowParens": "always",
  "bracketSpacing": true,
  "endOfLine": "lf",
  "htmlWhitespaceSensitivity": "css",
  "insertPragma": false,
  "jsxBracketSameLine": false,
  "jsxSingleQuote": false,
  "printWidth": 80,
  "proseWrap": "preserve",
  "quoteProps": "as-needed",
  "requirePragma": false,
  "semi": true,
  "singleQuote": false,
  "tabWidth": 2,
  "trailingComma": "es5",
  "useTabs": false,
  "vueIndentScriptAndStyle": false,
  "filepath": "/home/piyush/webDevProjects/Invoicee/src/components/Invoicepdf/Invoicepdf.js",
  "parser": "babel",
  "rangeEnd": 571,
  "rangeStart": 527
}
["INFO" - 11:25:18 pm] Formatting completed in 51.377621ms.
["INFO" - 11:25:22 pm] Formatting /home/piyush/webDevProjects/Invoicee/src/components/Invoicepdf/Invoicepdf.js
["INFO" - 11:25:22 pm] Using ignore file (if present) at /home/piyush/webDevProjects/Invoicee/.prettierignore
["INFO" - 11:25:22 pm] File Info:
{
  "ignored": false,
  "inferredParser": "babel"
}
["INFO" - 11:25:22 pm] No local configuration (i.e. .prettierrc or .editorconfig) detected, falling back to VS Code configuration
["INFO" - 11:25:22 pm] Prettier Options:
{
  "arrowParens": "always",
  "bracketSpacing": true,
  "endOfLine": "lf",
  "htmlWhitespaceSensitivity": "css",
  "insertPragma": false,
  "jsxBracketSameLine": false,
  "jsxSingleQuote": false,
  "printWidth": 80,
  "proseWrap": "preserve",
  "quoteProps": "as-needed",
  "requirePragma": false,
  "semi": true,
  "singleQuote": false,
  "tabWidth": 2,
  "trailingComma": "es5",
  "useTabs": false,
  "vueIndentScriptAndStyle": false,
  "filepath": "/home/piyush/webDevProjects/Invoicee/src/components/Invoicepdf/Invoicepdf.js",
  "parser": "babel",
  "rangeEnd": 571,
  "rangeStart": 527
}
["INFO" - 11:25:22 pm] Formatting completed in 33.592763ms.
["INFO" - 11:25:22 pm] Formatting /home/piyush/webDevProjects/Invoicee/src/components/Invoicepdf/Invoicepdf.js
["INFO" - 11:25:22 pm] Using ignore file (if present) at /home/piyush/webDevProjects/Invoicee/.prettierignore
["INFO" - 11:25:22 pm] File Info:
{
  "ignored": false,
  "inferredParser": "babel"
}
["INFO" - 11:25:22 pm] No local configuration (i.e. .prettierrc or .editorconfig) detected, falling back to VS Code configuration
["INFO" - 11:25:22 pm] Prettier Options:
{
  "arrowParens": "always",
  "bracketSpacing": true,
  "endOfLine": "lf",
  "htmlWhitespaceSensitivity": "css",
  "insertPragma": false,
  "jsxBracketSameLine": false,
  "jsxSingleQuote": false,
  "printWidth": 80,
  "proseWrap": "preserve",
  "quoteProps": "as-needed",
  "requirePragma": false,
  "semi": true,
  "singleQuote": false,
  "tabWidth": 2,
  "trailingComma": "es5",
  "useTabs": false,
  "vueIndentScriptAndStyle": false,
  "filepath": "/home/piyush/webDevProjects/Invoicee/src/components/Invoicepdf/Invoicepdf.js",
  "parser": "babel",
  "rangeEnd": 615,
  "rangeStart": 571
}
["INFO" - 11:25:22 pm] Formatting completed in 30.326713ms.
["INFO" - 11:25:31 pm] Formatting /home/piyush/webDevProjects/Invoicee/src/components/Invoicepdf/Invoicepdf.js
["INFO" - 11:25:31 pm] Using ignore file (if present) at /home/piyush/webDevProjects/Invoicee/.prettierignore
["INFO" - 11:25:31 pm] File Info:
{
  "ignored": false,
  "inferredParser": "babel"
}
["INFO" - 11:25:31 pm] No local configuration (i.e. .prettierrc or .editorconfig) detected, falling back to VS Code configuration
["INFO" - 11:25:31 pm] Prettier Options:
{
  "arrowParens": "always",
  "bracketSpacing": true,
  "endOfLine": "lf",
  "htmlWhitespaceSensitivity": "css",
  "insertPragma": false,
  "jsxBracketSameLine": false,
  "jsxSingleQuote": false,
  "printWidth": 80,
  "proseWrap": "preserve",
  "quoteProps": "as-needed",
  "requirePragma": false,
  "semi": true,
  "singleQuote": false,
  "tabWidth": 2,
  "trailingComma": "es5",
  "useTabs": false,
  "vueIndentScriptAndStyle": false,
  "filepath": "/home/piyush/webDevProjects/Invoicee/src/components/Invoicepdf/Invoicepdf.js",
  "parser": "babel"
}
["INFO" - 11:25:31 pm] Formatting completed in 70.298117ms.
["INFO" - 11:27:32 pm] Formatting /home/piyush/webDevProjects/Invoicee/src/components/Invoicepdf/Invoicepdf.js
["INFO" - 11:27:33 pm] Using ignore file (if present) at /home/piyush/webDevProjects/Invoicee/.prettierignore
["INFO" - 11:27:33 pm] File Info:
{
  "ignored": false,
  "inferredParser": "babel"
}
["INFO" - 11:27:33 pm] No local configuration (i.e. .prettierrc or .editorconfig) detected, falling back to VS Code configuration
["INFO" - 11:27:33 pm] Prettier Options:
{
  "arrowParens": "always",
  "bracketSpacing": true,
  "endOfLine": "lf",
  "htmlWhitespaceSensitivity": "css",
  "insertPragma": false,
  "jsxBracketSameLine": false,
  "jsxSingleQuote": false,
  "printWidth": 80,
  "proseWrap": "preserve",
  "quoteProps": "as-needed",
  "requirePragma": false,
  "semi": true,
  "singleQuote": false,
  "tabWidth": 2,
  "trailingComma": "es5",
  "useTabs": false,
  "vueIndentScriptAndStyle": false,
  "filepath": "/home/piyush/webDevProjects/Invoicee/src/components/Invoicepdf/Invoicepdf.js",
  "parser": "babel"
}
["INFO" - 11:27:33 pm] Formatting completed in 73.57957ms.
["INFO" - 11:28:31 pm] Formatting /home/piyush/webDevProjects/Invoicee/src/components/Invoicepdf/Invoicepdf.js
["INFO" - 11:28:31 pm] Using ignore file (if present) at /home/piyush/webDevProjects/Invoicee/.prettierignore
["INFO" - 11:28:31 pm] File Info:
{
  "ignored": false,
  "inferredParser": "babel"
}
["INFO" - 11:28:31 pm] No local configuration (i.e. .prettierrc or .editorconfig) detected, falling back to VS Code configuration
["INFO" - 11:28:31 pm] Prettier Options:
{
  "arrowParens": "always",
  "bracketSpacing": true,
  "endOfLine": "lf",
  "htmlWhitespaceSensitivity": "css",
  "insertPragma": false,
  "jsxBracketSameLine": false,
  "jsxSingleQuote": false,
  "printWidth": 80,
  "proseWrap": "preserve",
  "quoteProps": "as-needed",
  "requirePragma": false,
  "semi": true,
  "singleQuote": false,
  "tabWidth": 2,
  "trailingComma": "es5",
  "useTabs": false,
  "vueIndentScriptAndStyle": false,
  "filepath": "/home/piyush/webDevProjects/Invoicee/src/components/Invoicepdf/Invoicepdf.js",
  "parser": "babel"
}
["INFO" - 11:28:31 pm] Formatting completed in 38.287469ms.
["INFO" - 11:28:36 pm] Formatting /home/piyush/webDevProjects/Invoicee/src/components/Invoicepdf/Invoicepdf.js
["INFO" - 11:28:36 pm] Using ignore file (if present) at /home/piyush/webDevProjects/Invoicee/.prettierignore
["INFO" - 11:28:36 pm] File Info:
{
  "ignored": false,
  "inferredParser": "babel"
}
["INFO" - 11:28:36 pm] No local configuration (i.e. .prettierrc or .editorconfig) detected, falling back to VS Code configuration
["INFO" - 11:28:36 pm] Prettier Options:
{
  "arrowParens": "always",
  "bracketSpacing": true,
  "endOfLine": "lf",
  "htmlWhitespaceSensitivity": "css",
  "insertPragma": false,
  "jsxBracketSameLine": false,
  "jsxSingleQuote": false,
  "printWidth": 80,
  "proseWrap": "preserve",
  "quoteProps": "as-needed",
  "requirePragma": false,
  "semi": true,
  "singleQuote": false,
  "tabWidth": 2,
  "trailingComma": "es5",
  "useTabs": false,
  "vueIndentScriptAndStyle": false,
  "filepath": "/home/piyush/webDevProjects/Invoicee/src/components/Invoicepdf/Invoicepdf.js",
  "parser": "babel"
}
["INFO" - 11:28:36 pm] Formatting completed in 27.636434ms.
["INFO" - 11:30:15 pm] Formatting /home/piyush/webDevProjects/Invoicee/src/components/Invoicepdf/Invoicepdf.js
["INFO" - 11:30:15 pm] Using ignore file (if present) at /home/piyush/webDevProjects/Invoicee/.prettierignore
["INFO" - 11:30:15 pm] File Info:
{
  "ignored": false,
  "inferredParser": "babel"
}
["INFO" - 11:30:15 pm] No local configuration (i.e. .prettierrc or .editorconfig) detected, falling back to VS Code configuration
["INFO" - 11:30:15 pm] Prettier Options:
{
  "arrowParens": "always",
  "bracketSpacing": true,
  "endOfLine": "lf",
  "htmlWhitespaceSensitivity": "css",
  "insertPragma": false,
  "jsxBracketSameLine": false,
  "jsxSingleQuote": false,
  "printWidth": 80,
  "proseWrap": "preserve",
  "quoteProps": "as-needed",
  "requirePragma": false,
  "semi": true,
  "singleQuote": false,
  "tabWidth": 2,
  "trailingComma": "es5",
  "useTabs": false,
  "vueIndentScriptAndStyle": false,
  "filepath": "/home/piyush/webDevProjects/Invoicee/src/components/Invoicepdf/Invoicepdf.js",
  "parser": "babel"
}
["INFO" - 11:30:15 pm] Formatting completed in 59.478985ms.
["INFO" - 11:30:23 pm] Formatting /home/piyush/webDevProjects/Invoicee/src/components/Invoicepdf/Invoicepdf.js
["INFO" - 11:30:23 pm] Using ignore file (if present) at /home/piyush/webDevProjects/Invoicee/.prettierignore
["INFO" - 11:30:23 pm] File Info:
{
  "ignored": false,
  "inferredParser": "babel"
}
["INFO" - 11:30:23 pm] No local configuration (i.e. .prettierrc or .editorconfig) detected, falling back to VS Code configuration
["INFO" - 11:30:23 pm] Prettier Options:
{
  "arrowParens": "always",
  "bracketSpacing": true,
  "endOfLine": "lf",
  "htmlWhitespaceSensitivity": "css",
  "insertPragma": false,
  "jsxBracketSameLine": false,
  "jsxSingleQuote": false,
  "printWidth": 80,
  "proseWrap": "preserve",
  "quoteProps": "as-needed",
  "requirePragma": false,
  "semi": true,
  "singleQuote": false,
  "tabWidth": 2,
  "trailingComma": "es5",
  "useTabs": false,
  "vueIndentScriptAndStyle": false,
  "filepath": "/home/piyush/webDevProjects/Invoicee/src/components/Invoicepdf/Invoicepdf.js",
  "parser": "babel"
}
["INFO" - 11:30:23 pm] Formatting completed in 65.964477ms.
["INFO" - 11:32:21 pm] Formatting /home/piyush/webDevProjects/Invoicee/src/components/Invoicepdf/Invoicepdf.js
["INFO" - 11:32:21 pm] Using ignore file (if present) at /home/piyush/webDevProjects/Invoicee/.prettierignore
["INFO" - 11:32:21 pm] File Info:
{
  "ignored": false,
  "inferredParser": "babel"
}
["INFO" - 11:32:21 pm] No local configuration (i.e. .prettierrc or .editorconfig) detected, falling back to VS Code configuration
["INFO" - 11:32:21 pm] Prettier Options:
{
  "arrowParens": "always",
  "bracketSpacing": true,
  "endOfLine": "lf",
  "htmlWhitespaceSensitivity": "css",
  "insertPragma": false,
  "jsxBracketSameLine": false,
  "jsxSingleQuote": false,
  "printWidth": 80,
  "proseWrap": "preserve",
  "quoteProps": "as-needed",
  "requirePragma": false,
  "semi": true,
  "singleQuote": false,
  "tabWidth": 2,
  "trailingComma": "es5",
  "useTabs": false,
  "vueIndentScriptAndStyle": false,
  "filepath": "/home/piyush/webDevProjects/Invoicee/src/components/Invoicepdf/Invoicepdf.js",
  "parser": "babel",
  "rangeEnd": 644,
  "rangeStart": 152
}
["INFO" - 11:32:21 pm] Formatting completed in 35.457642ms.
["INFO" - 11:32:32 pm] Formatting /home/piyush/webDevProjects/Invoicee/src/components/Invoicepdf/Invoicepdf.js
["INFO" - 11:32:32 pm] Using ignore file (if present) at /home/piyush/webDevProjects/Invoicee/.prettierignore
["INFO" - 11:32:32 pm] File Info:
{
  "ignored": false,
  "inferredParser": "babel"
}
["INFO" - 11:32:32 pm] No local configuration (i.e. .prettierrc or .editorconfig) detected, falling back to VS Code configuration
["INFO" - 11:32:32 pm] Prettier Options:
{
  "arrowParens": "always",
  "bracketSpacing": true,
  "endOfLine": "lf",
  "htmlWhitespaceSensitivity": "css",
  "insertPragma": false,
  "jsxBracketSameLine": false,
  "jsxSingleQuote": false,
  "printWidth": 80,
  "proseWrap": "preserve",
  "quoteProps": "as-needed",
  "requirePragma": false,
  "semi": true,
  "singleQuote": false,
  "tabWidth": 2,
  "trailingComma": "es5",
  "useTabs": false,
  "vueIndentScriptAndStyle": false,
  "filepath": "/home/piyush/webDevProjects/Invoicee/src/components/Invoicepdf/Invoicepdf.js",
  "parser": "babel"
}
["INFO" - 11:32:32 pm] Formatting completed in 65.436272ms.
